Looking for git in: git
Using git 2.25.1 from git
> git rev-parse --show-toplevel
> git rev-parse --git-dir
Open repository: /sogang/under/cse20170101
> git status -z -u
> git symbolic-ref --short HEAD
> git rev-parse temp
> git rev-parse --symbolic-full-name temp@{u}
fatal: no upstream configured for branch 'temp'
> git for-each-ref --sort -committerdate --format %(refname) %(objectname)
> git remote --verbose
> git config --get commit.template
> git show --textconv :pintos/src/userprog/exception.c
> git ls-files --stage -- /sogang/under/cse20170101/pintos/src/userprog/exception.c
> git cat-file -s e9a59b28afaa5aa8676b0f3741947a1b8b8e8ef1
> git check-ignore -v -z --stdin
> git status -z -u
> git symbolic-ref --short HEAD
> git rev-parse temp
> git rev-parse --symbolic-full-name temp@{u}
fatal: no upstream configured for branch 'temp'
> git for-each-ref --sort -committerdate --format %(refname) %(objectname)
> git remote --verbose
> git config --get commit.template
> git status -z -u
> git symbolic-ref --short HEAD
> git rev-parse temp
> git rev-parse --symbolic-full-name temp@{u}
fatal: no upstream configured for branch 'temp'
> git for-each-ref --sort -committerdate --format %(refname) %(objectname)
> git remote --verbose
> git config --get commit.template
> git status -z -u
> git symbolic-ref --short HEAD
> git rev-parse temp
> git rev-parse --symbolic-full-name temp@{u}
fatal: no upstream configured for branch 'temp'
> git for-each-ref --sort -committerdate --format %(refname) %(objectname)
> git remote --verbose
> git config --get commit.template
> git status -z -u
> git symbolic-ref --short HEAD
> git rev-parse temp
> git rev-parse --symbolic-full-name temp@{u}
fatal: no upstream configured for branch 'temp'
> git for-each-ref --sort -committerdate --format %(refname) %(objectname)
> git remote --verbose
> git config --get commit.template
> git status -z -u
> git symbolic-ref --short HEAD
> git rev-parse temp
> git rev-parse --symbolic-full-name temp@{u}
fatal: no upstream configured for branch 'temp'
> git for-each-ref --sort -committerdate --format %(refname) %(objectname)
> git remote --verbose
> git config --get commit.template
> git status -z -u
> git symbolic-ref --short HEAD
> git rev-parse temp
> git rev-parse --symbolic-full-name temp@{u}
fatal: no upstream configured for branch 'temp'
> git for-each-ref --sort -committerdate --format %(refname) %(objectname)
> git remote --verbose
> git config --get commit.template
> git status -z -u
> git symbolic-ref --short HEAD
> git rev-parse temp
> git rev-parse --symbolic-full-name temp@{u}
fatal: no upstream configured for branch 'temp'
> git for-each-ref --sort -committerdate --format %(refname) %(objectname)
> git remote --verbose
> git config --get commit.template
> git status -z -u
> git symbolic-ref --short HEAD
> git rev-parse temp
> git rev-parse --symbolic-full-name temp@{u}
fatal: no upstream configured for branch 'temp'
> git for-each-ref --sort -committerdate --format %(refname) %(objectname)
> git remote --verbose
> git config --get commit.template
> git status -z -u
> git symbolic-ref --short HEAD
> git rev-parse temp
> git rev-parse --symbolic-full-name temp@{u}
fatal: no upstream configured for branch 'temp'
> git for-each-ref --sort -committerdate --format %(refname) %(objectname)
> git remote --verbose
> git config --get commit.template
> git status -z -u
> git symbolic-ref --short HEAD
> git rev-parse temp
> git rev-parse --symbolic-full-name temp@{u}
fatal: no upstream configured for branch 'temp'
> git for-each-ref --sort -committerdate --format %(refname) %(objectname)
> git remote --verbose
> git config --get commit.template
> git status -z -u
> git symbolic-ref --short HEAD
> git rev-parse temp
> git rev-parse --symbolic-full-name temp@{u}
fatal: no upstream configured for branch 'temp'
> git for-each-ref --sort -committerdate --format %(refname) %(objectname)
> git remote --verbose
> git config --get commit.template
> git status -z -u
> git symbolic-ref --short HEAD
> git rev-parse temp
> git rev-parse --symbolic-full-name temp@{u}
fatal: no upstream configured for branch 'temp'
> git for-each-ref --sort -committerdate --format %(refname) %(objectname)
> git remote --verbose
> git config --get commit.template
> git status -z -u
> git symbolic-ref --short HEAD
> git rev-parse temp
> git rev-parse --symbolic-full-name temp@{u}
fatal: no upstream configured for branch 'temp'
> git for-each-ref --sort -committerdate --format %(refname) %(objectname)
> git remote --verbose
> git config --get commit.template
> git status -z -u
> git symbolic-ref --short HEAD
> git rev-parse temp
> git rev-parse --symbolic-full-name temp@{u}
fatal: no upstream configured for branch 'temp'
> git for-each-ref --sort -committerdate --format %(refname) %(objectname)
> git remote --verbose
> git config --get commit.template
> git status -z -u
> git symbolic-ref --short HEAD
> git rev-parse temp
> git rev-parse --symbolic-full-name temp@{u}
fatal: no upstream configured for branch 'temp'
> git for-each-ref --sort -committerdate --format %(refname) %(objectname)
> git remote --verbose
> git config --get commit.template
> git status -z -u
> git symbolic-ref --short HEAD
> git rev-parse temp
> git rev-parse --symbolic-full-name temp@{u}
fatal: no upstream configured for branch 'temp'
> git for-each-ref --sort -committerdate --format %(refname) %(objectname)
> git remote --verbose
> git config --get commit.template
> git status -z -u
> git symbolic-ref --short HEAD
> git rev-parse temp
> git rev-parse --symbolic-full-name temp@{u}
fatal: no upstream configured for branch 'temp'
> git for-each-ref --sort -committerdate --format %(refname) %(objectname)
> git remote --verbose
> git config --get commit.template
> git status -z -u
> git symbolic-ref --short HEAD
> git rev-parse temp
> git rev-parse --symbolic-full-name temp@{u}
fatal: no upstream configured for branch 'temp'
> git for-each-ref --sort -committerdate --format %(refname) %(objectname)
> git remote --verbose
> git config --get commit.template
> git status -z -u
> git symbolic-ref --short HEAD
> git rev-parse temp
> git rev-parse --symbolic-full-name temp@{u}
fatal: no upstream configured for branch 'temp'
> git for-each-ref --sort -committerdate --format %(refname) %(objectname)
> git remote --verbose
> git config --get commit.template
> git status -z -u
> git symbolic-ref --short HEAD
> git rev-parse temp
> git rev-parse --symbolic-full-name temp@{u}
fatal: no upstream configured for branch 'temp'
> git for-each-ref --sort -committerdate --format %(refname) %(objectname)
> git remote --verbose
> git config --get commit.template
> git show --textconv :pintos/src/vm/swap.c
> git ls-files --stage -- /sogang/under/cse20170101/pintos/src/vm/swap.c
> git cat-file -s ce7019a9f5e4c5193e72a61ed6f2f7ab52673cbd
> git check-ignore -v -z --stdin
> git status -z -u
> git symbolic-ref --short HEAD
> git rev-parse temp
> git rev-parse --symbolic-full-name temp@{u}
fatal: no upstream configured for branch 'temp'
> git for-each-ref --sort -committerdate --format %(refname) %(objectname)
> git remote --verbose
> git config --get commit.template
> git status -z -u
> git symbolic-ref --short HEAD
> git rev-parse temp
> git rev-parse --symbolic-full-name temp@{u}
fatal: no upstream configured for branch 'temp'
> git for-each-ref --sort -committerdate --format %(refname) %(objectname)
> git remote --verbose
> git config --get commit.template
> git show --textconv :pintos/src/vm/page.c
> git ls-files --stage -- /sogang/under/cse20170101/pintos/src/vm/page.c
> git cat-file -s c968e6706cb85d770f312e93480093544990f18c
> git status -z -u
> git symbolic-ref --short HEAD
> git rev-parse temp
> git rev-parse --symbolic-full-name temp@{u}
fatal: no upstream configured for branch 'temp'
> git for-each-ref --sort -committerdate --format %(refname) %(objectname)
> git remote --verbose
> git config --get commit.template
> git show --textconv :pintos/src/vm/frame.h
> git ls-files --stage -- /sogang/under/cse20170101/pintos/src/vm/frame.h
> git cat-file -s 1843226faff0de70a2e2daf11613ece6b2463d08
> git show --textconv :pintos/src/vm/frame.c
> git ls-files --stage -- /sogang/under/cse20170101/pintos/src/vm/frame.c
> git cat-file -s 2485d88033a3a97c348da7ecc421401b892a1d78
> git status -z -u
> git symbolic-ref --short HEAD
> git rev-parse temp
> git rev-parse --symbolic-full-name temp@{u}
fatal: no upstream configured for branch 'temp'
> git for-each-ref --sort -committerdate --format %(refname) %(objectname)
> git remote --verbose
> git config --get commit.template
> git status -z -u
> git symbolic-ref --short HEAD
> git rev-parse temp
> git rev-parse --symbolic-full-name temp@{u}
fatal: no upstream configured for branch 'temp'
> git for-each-ref --sort -committerdate --format %(refname) %(objectname)
> git remote --verbose
> git config --get commit.template
> git status -z -u
> git symbolic-ref --short HEAD
> git rev-parse temp
> git rev-parse --symbolic-full-name temp@{u}
fatal: no upstream configured for branch 'temp'
> git for-each-ref --sort -committerdate --format %(refname) %(objectname)
> git remote --verbose
> git config --get commit.template
> git status -z -u
> git symbolic-ref --short HEAD
> git rev-parse temp
> git rev-parse --symbolic-full-name temp@{u}
fatal: no upstream configured for branch 'temp'
> git for-each-ref --sort -committerdate --format %(refname) %(objectname)
> git remote --verbose
> git config --get commit.template
> git status -z -u
> git symbolic-ref --short HEAD
> git rev-parse temp
> git rev-parse --symbolic-full-name temp@{u}
fatal: no upstream configured for branch 'temp'
> git for-each-ref --sort -committerdate --format %(refname) %(objectname)
> git remote --verbose
> git config --get commit.template
> git status -z -u
> git symbolic-ref --short HEAD
> git rev-parse temp
> git rev-parse --symbolic-full-name temp@{u}
fatal: no upstream configured for branch 'temp'
> git for-each-ref --sort -committerdate --format %(refname) %(objectname)
> git remote --verbose
> git config --get commit.template
> git status -z -u
> git symbolic-ref --short HEAD
> git rev-parse temp
> git rev-parse --symbolic-full-name temp@{u}
fatal: no upstream configured for branch 'temp'
> git for-each-ref --sort -committerdate --format %(refname) %(objectname)
> git remote --verbose
> git config --get commit.template
> git status -z -u
> git symbolic-ref --short HEAD
> git rev-parse temp
> git rev-parse --symbolic-full-name temp@{u}
fatal: no upstream configured for branch 'temp'
> git for-each-ref --sort -committerdate --format %(refname) %(objectname)
> git remote --verbose
> git config --get commit.template
> git status -z -u
> git symbolic-ref --short HEAD
> git rev-parse temp
> git rev-parse --symbolic-full-name temp@{u}
fatal: no upstream configured for branch 'temp'
> git for-each-ref --sort -committerdate --format %(refname) %(objectname)
> git remote --verbose
> git config --get commit.template
> git status -z -u
> git symbolic-ref --short HEAD
> git rev-parse temp
> git rev-parse --symbolic-full-name temp@{u}
fatal: no upstream configured for branch 'temp'
> git for-each-ref --sort -committerdate --format %(refname) %(objectname)
> git remote --verbose
> git config --get commit.template
> git status -z -u
> git symbolic-ref --short HEAD
> git rev-parse temp
> git rev-parse --symbolic-full-name temp@{u}
fatal: no upstream configured for branch 'temp'
> git for-each-ref --sort -committerdate --format %(refname) %(objectname)
> git remote --verbose
> git config --get commit.template
> git status -z -u
> git symbolic-ref --short HEAD
> git rev-parse temp
> git rev-parse --symbolic-full-name temp@{u}
fatal: no upstream configured for branch 'temp'
> git for-each-ref --sort -committerdate --format %(refname) %(objectname)
> git remote --verbose
> git config --get commit.template
> git status -z -u
> git symbolic-ref --short HEAD
> git rev-parse temp
> git rev-parse --symbolic-full-name temp@{u}
fatal: no upstream configured for branch 'temp'
> git for-each-ref --sort -committerdate --format %(refname) %(objectname)
> git remote --verbose
> git config --get commit.template
> git status -z -u
> git symbolic-ref --short HEAD
> git rev-parse temp
> git rev-parse --symbolic-full-name temp@{u}
fatal: no upstream configured for branch 'temp'
> git for-each-ref --sort -committerdate --format %(refname) %(objectname)
> git remote --verbose
> git config --get commit.template
> git status -z -u
> git symbolic-ref --short HEAD
> git rev-parse temp
> git rev-parse --symbolic-full-name temp@{u}
fatal: no upstream configured for branch 'temp'
> git for-each-ref --sort -committerdate --format %(refname) %(objectname)
> git remote --verbose
> git config --get commit.template
> git status -z -u
> git symbolic-ref --short HEAD
> git rev-parse temp
> git rev-parse --symbolic-full-name temp@{u}
fatal: no upstream configured for branch 'temp'
> git for-each-ref --sort -committerdate --format %(refname) %(objectname)
> git remote --verbose
> git config --get commit.template
> git status -z -u
> git symbolic-ref --short HEAD
> git rev-parse temp
> git rev-parse --symbolic-full-name temp@{u}
fatal: no upstream configured for branch 'temp'
> git for-each-ref --sort -committerdate --format %(refname) %(objectname)
> git remote --verbose
> git config --get commit.template
> git status -z -u
> git symbolic-ref --short HEAD
> git rev-parse temp
> git rev-parse --symbolic-full-name temp@{u}
fatal: no upstream configured for branch 'temp'
> git for-each-ref --sort -committerdate --format %(refname) %(objectname)
> git remote --verbose
> git config --get commit.template
> git status -z -u
> git symbolic-ref --short HEAD
> git rev-parse temp
> git rev-parse --symbolic-full-name temp@{u}
fatal: no upstream configured for branch 'temp'
> git for-each-ref --sort -committerdate --format %(refname) %(objectname)
> git remote --verbose
> git config --get commit.template
> git status -z -u
> git symbolic-ref --short HEAD
> git rev-parse temp
> git rev-parse --symbolic-full-name temp@{u}
fatal: no upstream configured for branch 'temp'
> git for-each-ref --sort -committerdate --format %(refname) %(objectname)
> git remote --verbose
> git config --get commit.template
> git status -z -u
> git symbolic-ref --short HEAD
> git rev-parse temp
> git rev-parse --symbolic-full-name temp@{u}
fatal: no upstream configured for branch 'temp'
> git for-each-ref --sort -committerdate --format %(refname) %(objectname)
> git remote --verbose
> git config --get commit.template
> git status -z -u
> git symbolic-ref --short HEAD
> git rev-parse temp
> git rev-parse --symbolic-full-name temp@{u}
fatal: no upstream configured for branch 'temp'
> git for-each-ref --sort -committerdate --format %(refname) %(objectname)
> git remote --verbose
> git config --get commit.template
> git status -z -u
> git symbolic-ref --short HEAD
> git rev-parse temp
> git rev-parse --symbolic-full-name temp@{u}
fatal: no upstream configured for branch 'temp'
> git for-each-ref --sort -committerdate --format %(refname) %(objectname)
> git remote --verbose
> git config --get commit.template
> git status -z -u
> git symbolic-ref --short HEAD
> git rev-parse temp
> git rev-parse --symbolic-full-name temp@{u}
fatal: no upstream configured for branch 'temp'
> git for-each-ref --sort -committerdate --format %(refname) %(objectname)
> git remote --verbose
> git config --get commit.template
> git status -z -u
> git symbolic-ref --short HEAD
> git rev-parse temp
> git rev-parse --symbolic-full-name temp@{u}
fatal: no upstream configured for branch 'temp'
> git for-each-ref --sort -committerdate --format %(refname) %(objectname)
> git remote --verbose
> git config --get commit.template
> git status -z -u
> git symbolic-ref --short HEAD
> git rev-parse temp
> git rev-parse --symbolic-full-name temp@{u}
fatal: no upstream configured for branch 'temp'
> git for-each-ref --sort -committerdate --format %(refname) %(objectname)
> git remote --verbose
> git config --get commit.template
> git status -z -u
> git symbolic-ref --short HEAD
> git rev-parse temp
> git rev-parse --symbolic-full-name temp@{u}
fatal: no upstream configured for branch 'temp'
> git for-each-ref --sort -committerdate --format %(refname) %(objectname)
> git remote --verbose
> git config --get commit.template
> git status -z -u
> git symbolic-ref --short HEAD
> git rev-parse temp
> git rev-parse --symbolic-full-name temp@{u}
fatal: no upstream configured for branch 'temp'
> git for-each-ref --sort -committerdate --format %(refname) %(objectname)
> git remote --verbose
> git config --get commit.template
> git status -z -u
> git symbolic-ref --short HEAD
> git rev-parse temp
> git rev-parse --symbolic-full-name temp@{u}
fatal: no upstream configured for branch 'temp'
> git for-each-ref --sort -committerdate --format %(refname) %(objectname)
> git remote --verbose
> git config --get commit.template
> git show --textconv :pintos/src/userprog/exception.c
> git ls-files --stage -- /sogang/under/cse20170101/pintos/src/userprog/exception.c
> git cat-file -s e9a59b28afaa5aa8676b0f3741947a1b8b8e8ef1
> git check-ignore -v -z --stdin
> git status -z -u
> git symbolic-ref --short HEAD
> git rev-parse temp
> git rev-parse --symbolic-full-name temp@{u}
fatal: no upstream configured for branch 'temp'
> git for-each-ref --sort -committerdate --format %(refname) %(objectname)
> git remote --verbose
> git config --get commit.template
> git show --textconv :pintos/src/vm/page.h
> git ls-files --stage -- /sogang/under/cse20170101/pintos/src/vm/page.h
> git cat-file -s d79518c982e3f978f295b15db324ac7898870c77
> git status -z -u
> git symbolic-ref --short HEAD
> git rev-parse temp
> git rev-parse --symbolic-full-name temp@{u}
fatal: no upstream configured for branch 'temp'
> git for-each-ref --sort -committerdate --format %(refname) %(objectname)
> git remote --verbose
> git config --get commit.template
> git show --textconv :pintos/src/vm/frame.h
> git ls-files --stage -- /sogang/under/cse20170101/pintos/src/vm/frame.h
> git cat-file -s 1843226faff0de70a2e2daf11613ece6b2463d08
> git status -z -u
> git symbolic-ref --short HEAD
> git rev-parse temp
> git rev-parse --symbolic-full-name temp@{u}
fatal: no upstream configured for branch 'temp'
> git for-each-ref --sort -committerdate --format %(refname) %(objectname)
> git remote --verbose
> git config --get commit.template
> git status -z -u
> git symbolic-ref --short HEAD
> git rev-parse temp
> git rev-parse --symbolic-full-name temp@{u}
fatal: no upstream configured for branch 'temp'
> git for-each-ref --sort -committerdate --format %(refname) %(objectname)
> git remote --verbose
> git config --get commit.template
> git status -z -u
> git symbolic-ref --short HEAD
> git rev-parse temp
> git rev-parse --symbolic-full-name temp@{u}
fatal: no upstream configured for branch 'temp'
> git for-each-ref --sort -committerdate --format %(refname) %(objectname)
> git remote --verbose
> git config --get commit.template
> git status -z -u
> git symbolic-ref --short HEAD
> git rev-parse temp
> git rev-parse --symbolic-full-name temp@{u}
fatal: no upstream configured for branch 'temp'
> git for-each-ref --sort -committerdate --format %(refname) %(objectname)
> git remote --verbose
> git config --get commit.template
> git show --textconv :pintos/src/vm/page.h
> git ls-files --stage -- /sogang/under/cse20170101/pintos/src/vm/page.h
> git cat-file -s d79518c982e3f978f295b15db324ac7898870c77
> git status -z -u
> git symbolic-ref --short HEAD
> git rev-parse temp
> git rev-parse --symbolic-full-name temp@{u}
fatal: no upstream configured for branch 'temp'
> git for-each-ref --sort -committerdate --format %(refname) %(objectname)
> git remote --verbose
> git config --get commit.template
> git status -z -u
> git symbolic-ref --short HEAD
> git rev-parse temp
> git rev-parse --symbolic-full-name temp@{u}
fatal: no upstream configured for branch 'temp'
> git for-each-ref --sort -committerdate --format %(refname) %(objectname)
> git remote --verbose
> git config --get commit.template
> git status -z -u
> git symbolic-ref --short HEAD
> git rev-parse temp
> git rev-parse --symbolic-full-name temp@{u}
fatal: no upstream configured for branch 'temp'
> git for-each-ref --sort -committerdate --format %(refname) %(objectname)
> git remote --verbose
> git config --get commit.template
> git status -z -u
> git symbolic-ref --short HEAD
> git rev-parse temp
> git rev-parse --symbolic-full-name temp@{u}
fatal: no upstream configured for branch 'temp'
> git for-each-ref --sort -committerdate --format %(refname) %(objectname)
> git remote --verbose
> git config --get commit.template
> git status -z -u
> git symbolic-ref --short HEAD
> git rev-parse temp
> git rev-parse --symbolic-full-name temp@{u}
fatal: no upstream configured for branch 'temp'
> git for-each-ref --sort -committerdate --format %(refname) %(objectname)
> git remote --verbose
> git config --get commit.template
> git status -z -u
> git symbolic-ref --short HEAD
> git rev-parse temp
> git rev-parse --symbolic-full-name temp@{u}
fatal: no upstream configured for branch 'temp'
> git for-each-ref --sort -committerdate --format %(refname) %(objectname)
> git remote --verbose
> git config --get commit.template
> git status -z -u
> git symbolic-ref --short HEAD
> git rev-parse temp
> git rev-parse --symbolic-full-name temp@{u}
fatal: no upstream configured for branch 'temp'
> git for-each-ref --sort -committerdate --format %(refname) %(objectname)
> git remote --verbose
> git config --get commit.template
> git show --textconv :pintos/src/vm/frame.h
> git ls-files --stage -- /sogang/under/cse20170101/pintos/src/vm/frame.h
> git cat-file -s 1843226faff0de70a2e2daf11613ece6b2463d08
> git status -z -u
> git symbolic-ref --short HEAD
> git rev-parse temp
> git rev-parse --symbolic-full-name temp@{u}
fatal: no upstream configured for branch 'temp'
> git for-each-ref --sort -committerdate --format %(refname) %(objectname)
> git remote --verbose
> git config --get commit.template
> git status -z -u
> git symbolic-ref --short HEAD
> git rev-parse temp
> git rev-parse --symbolic-full-name temp@{u}
fatal: no upstream configured for branch 'temp'
> git for-each-ref --sort -committerdate --format %(refname) %(objectname)
> git remote --verbose
> git config --get commit.template
> git status -z -u
> git symbolic-ref --short HEAD
> git rev-parse temp
> git rev-parse --symbolic-full-name temp@{u}
fatal: no upstream configured for branch 'temp'
> git for-each-ref --sort -committerdate --format %(refname) %(objectname)
> git remote --verbose
> git config --get commit.template
> git status -z -u
> git symbolic-ref --short HEAD
> git rev-parse temp
> git rev-parse --symbolic-full-name temp@{u}
fatal: no upstream configured for branch 'temp'
> git for-each-ref --sort -committerdate --format %(refname) %(objectname)
> git remote --verbose
> git config --get commit.template
> git status -z -u
> git symbolic-ref --short HEAD
> git rev-parse temp
> git rev-parse --symbolic-full-name temp@{u}
fatal: no upstream configured for branch 'temp'
> git for-each-ref --sort -committerdate --format %(refname) %(objectname)
> git remote --verbose
> git config --get commit.template
> git show --textconv :pintos/src/vm/swap.c
> git ls-files --stage -- /sogang/under/cse20170101/pintos/src/vm/swap.c
> git cat-file -s ce7019a9f5e4c5193e72a61ed6f2f7ab52673cbd
> git show --textconv :pintos/src/vm/swap.h
> git ls-files --stage -- /sogang/under/cse20170101/pintos/src/vm/swap.h
> git cat-file -s c3e4b7ce8de66332e6681fadafcc246f8b0c7c0b
> git status -z -u
> git symbolic-ref --short HEAD
> git rev-parse temp
> git rev-parse --symbolic-full-name temp@{u}
fatal: no upstream configured for branch 'temp'
> git for-each-ref --sort -committerdate --format %(refname) %(objectname)
> git remote --verbose
> git config --get commit.template
> git status -z -u
> git symbolic-ref --short HEAD
> git rev-parse temp
> git rev-parse --symbolic-full-name temp@{u}
fatal: no upstream configured for branch 'temp'
> git for-each-ref --sort -committerdate --format %(refname) %(objectname)
> git remote --verbose
> git config --get commit.template
> git status -z -u
> git symbolic-ref --short HEAD
> git rev-parse temp
> git rev-parse --symbolic-full-name temp@{u}
fatal: no upstream configured for branch 'temp'
> git for-each-ref --sort -committerdate --format %(refname) %(objectname)
> git remote --verbose
> git config --get commit.template
> git status -z -u
> git symbolic-ref --short HEAD
> git rev-parse temp
> git rev-parse --symbolic-full-name temp@{u}
fatal: no upstream configured for branch 'temp'
> git for-each-ref --sort -committerdate --format %(refname) %(objectname)
> git remote --verbose
> git config --get commit.template
> git status -z -u
> git symbolic-ref --short HEAD
> git rev-parse temp
> git rev-parse --symbolic-full-name temp@{u}
fatal: no upstream configured for branch 'temp'
> git for-each-ref --sort -committerdate --format %(refname) %(objectname)
> git remote --verbose
> git config --get commit.template
> git status -z -u
> git symbolic-ref --short HEAD
> git rev-parse temp
> git rev-parse --symbolic-full-name temp@{u}
fatal: no upstream configured for branch 'temp'
> git for-each-ref --sort -committerdate --format %(refname) %(objectname)
> git remote --verbose
> git config --get commit.template
> git status -z -u
> git symbolic-ref --short HEAD
> git rev-parse temp
> git rev-parse --symbolic-full-name temp@{u}
fatal: no upstream configured for branch 'temp'
> git for-each-ref --sort -committerdate --format %(refname) %(objectname)
> git remote --verbose
> git config --get commit.template
> git show --textconv :pintos/src/vm/swap.c
> git ls-files --stage -- /sogang/under/cse20170101/pintos/src/vm/swap.c
> git cat-file -s ce7019a9f5e4c5193e72a61ed6f2f7ab52673cbd
> git status -z -u
> git symbolic-ref --short HEAD
> git rev-parse temp
> git rev-parse --symbolic-full-name temp@{u}
fatal: no upstream configured for branch 'temp'
> git for-each-ref --sort -committerdate --format %(refname) %(objectname)
> git remote --verbose
> git config --get commit.template
> git status -z -u
> git symbolic-ref --short HEAD
> git rev-parse temp
> git rev-parse --symbolic-full-name temp@{u}
fatal: no upstream configured for branch 'temp'
> git for-each-ref --sort -committerdate --format %(refname) %(objectname)
> git remote --verbose
> git config --get commit.template
> git status -z -u
> git symbolic-ref --short HEAD
> git rev-parse temp
> git rev-parse --symbolic-full-name temp@{u}
fatal: no upstream configured for branch 'temp'
> git for-each-ref --sort -committerdate --format %(refname) %(objectname)
> git remote --verbose
> git config --get commit.template
> git status -z -u
> git symbolic-ref --short HEAD
> git rev-parse temp
> git rev-parse --symbolic-full-name temp@{u}
fatal: no upstream configured for branch 'temp'
> git for-each-ref --sort -committerdate --format %(refname) %(objectname)
> git remote --verbose
> git config --get commit.template
> git status -z -u
> git symbolic-ref --short HEAD
> git rev-parse temp
> git rev-parse --symbolic-full-name temp@{u}
fatal: no upstream configured for branch 'temp'
> git for-each-ref --sort -committerdate --format %(refname) %(objectname)
> git remote --verbose
> git config --get commit.template
> git status -z -u
> git symbolic-ref --short HEAD
> git rev-parse temp
> git rev-parse --symbolic-full-name temp@{u}
fatal: no upstream configured for branch 'temp'
> git for-each-ref --sort -committerdate --format %(refname) %(objectname)
> git remote --verbose
> git config --get commit.template
> git status -z -u
> git symbolic-ref --short HEAD
> git rev-parse temp
> git rev-parse --symbolic-full-name temp@{u}
fatal: no upstream configured for branch 'temp'
> git for-each-ref --sort -committerdate --format %(refname) %(objectname)
> git remote --verbose
> git config --get commit.template
> git status -z -u
> git symbolic-ref --short HEAD
> git rev-parse temp
> git rev-parse --symbolic-full-name temp@{u}
fatal: no upstream configured for branch 'temp'
> git for-each-ref --sort -committerdate --format %(refname) %(objectname)
> git remote --verbose
> git config --get commit.template
> git status -z -u
> git symbolic-ref --short HEAD
> git rev-parse temp
> git rev-parse --symbolic-full-name temp@{u}
fatal: no upstream configured for branch 'temp'
> git for-each-ref --sort -committerdate --format %(refname) %(objectname)
> git remote --verbose
> git config --get commit.template
> git show --textconv :pintos/src/vm/swap.h
> git ls-files --stage -- /sogang/under/cse20170101/pintos/src/vm/swap.h
> git cat-file -s c3e4b7ce8de66332e6681fadafcc246f8b0c7c0b
> git status -z -u
> git symbolic-ref --short HEAD
> git rev-parse temp
> git rev-parse --symbolic-full-name temp@{u}
fatal: no upstream configured for branch 'temp'
> git for-each-ref --sort -committerdate --format %(refname) %(objectname)
> git remote --verbose
> git config --get commit.template
> git status -z -u
> git symbolic-ref --short HEAD
> git rev-parse temp
> git rev-parse --symbolic-full-name temp@{u}
fatal: no upstream configured for branch 'temp'
> git for-each-ref --sort -committerdate --format %(refname) %(objectname)
> git remote --verbose
> git config --get commit.template
> git status -z -u
> git symbolic-ref --short HEAD
> git rev-parse temp
> git rev-parse --symbolic-full-name temp@{u}
fatal: no upstream configured for branch 'temp'
> git for-each-ref --sort -committerdate --format %(refname) %(objectname)
> git remote --verbose
> git config --get commit.template
> git show --textconv :pintos/src/vm/swap.c
> git ls-files --stage -- /sogang/under/cse20170101/pintos/src/vm/swap.c
> git cat-file -s ce7019a9f5e4c5193e72a61ed6f2f7ab52673cbd
> git status -z -u
> git symbolic-ref --short HEAD
> git rev-parse temp
> git rev-parse --symbolic-full-name temp@{u}
fatal: no upstream configured for branch 'temp'
> git for-each-ref --sort -committerdate --format %(refname) %(objectname)
> git remote --verbose
> git config --get commit.template
> git status -z -u
> git symbolic-ref --short HEAD
> git rev-parse temp
> git rev-parse --symbolic-full-name temp@{u}
fatal: no upstream configured for branch 'temp'
> git for-each-ref --sort -committerdate --format %(refname) %(objectname)
> git remote --verbose
> git config --get commit.template
> git status -z -u
> git symbolic-ref --short HEAD
> git rev-parse temp
> git rev-parse --symbolic-full-name temp@{u}
fatal: no upstream configured for branch 'temp'
> git for-each-ref --sort -committerdate --format %(refname) %(objectname)
> git remote --verbose
> git config --get commit.template
> git status -z -u
> git symbolic-ref --short HEAD
> git rev-parse temp
> git rev-parse --symbolic-full-name temp@{u}
fatal: no upstream configured for branch 'temp'
> git for-each-ref --sort -committerdate --format %(refname) %(objectname)
> git remote --verbose
> git config --get commit.template
> git status -z -u
> git symbolic-ref --short HEAD
> git rev-parse temp
> git rev-parse --symbolic-full-name temp@{u}
fatal: no upstream configured for branch 'temp'
> git for-each-ref --sort -committerdate --format %(refname) %(objectname)
> git remote --verbose
> git config --get commit.template
> git status -z -u
> git symbolic-ref --short HEAD
> git rev-parse temp
> git rev-parse --symbolic-full-name temp@{u}
fatal: no upstream configured for branch 'temp'
> git for-each-ref --sort -committerdate --format %(refname) %(objectname)
> git remote --verbose
> git config --get commit.template
> git status -z -u
> git symbolic-ref --short HEAD
> git rev-parse temp
> git rev-parse --symbolic-full-name temp@{u}
fatal: no upstream configured for branch 'temp'
> git for-each-ref --sort -committerdate --format %(refname) %(objectname)
> git remote --verbose
> git config --get commit.template
> git show --textconv :pintos/src/vm/page.c
> git ls-files --stage -- /sogang/under/cse20170101/pintos/src/vm/page.c
> git cat-file -s c968e6706cb85d770f312e93480093544990f18c
> git status -z -u
> git symbolic-ref --short HEAD
> git rev-parse temp
> git rev-parse --symbolic-full-name temp@{u}
fatal: no upstream configured for branch 'temp'
> git for-each-ref --sort -committerdate --format %(refname) %(objectname)
> git remote --verbose
> git config --get commit.template
> git status -z -u
> git symbolic-ref --short HEAD
> git rev-parse temp
> git rev-parse --symbolic-full-name temp@{u}
fatal: no upstream configured for branch 'temp'
> git for-each-ref --sort -committerdate --format %(refname) %(objectname)
> git remote --verbose
> git config --get commit.template
> git status -z -u
> git symbolic-ref --short HEAD
> git rev-parse temp
> git rev-parse --symbolic-full-name temp@{u}
fatal: no upstream configured for branch 'temp'
> git for-each-ref --sort -committerdate --format %(refname) %(objectname)
> git remote --verbose
> git config --get commit.template
> git status -z -u
> git symbolic-ref --short HEAD
> git rev-parse temp
> git rev-parse --symbolic-full-name temp@{u}
fatal: no upstream configured for branch 'temp'
> git for-each-ref --sort -committerdate --format %(refname) %(objectname)
> git remote --verbose
> git config --get commit.template
> git show --textconv :pintos/src/vm/frame.c
> git ls-files --stage -- /sogang/under/cse20170101/pintos/src/vm/frame.c
> git cat-file -s 2485d88033a3a97c348da7ecc421401b892a1d78
> git show --textconv :pintos/src/vm/frame.h
> git ls-files --stage -- /sogang/under/cse20170101/pintos/src/vm/frame.h
> git cat-file -s 1843226faff0de70a2e2daf11613ece6b2463d08
> git status -z -u
> git symbolic-ref --short HEAD
> git rev-parse temp
> git rev-parse --symbolic-full-name temp@{u}
fatal: no upstream configured for branch 'temp'
> git for-each-ref --sort -committerdate --format %(refname) %(objectname)
> git remote --verbose
> git config --get commit.template
> git status -z -u
> git symbolic-ref --short HEAD
> git rev-parse temp
> git rev-parse --symbolic-full-name temp@{u}
fatal: no upstream configured for branch 'temp'
> git for-each-ref --sort -committerdate --format %(refname) %(objectname)
> git remote --verbose
> git config --get commit.template
> git status -z -u
> git symbolic-ref --short HEAD
> git rev-parse temp
> git rev-parse --symbolic-full-name temp@{u}
fatal: no upstream configured for branch 'temp'
> git for-each-ref --sort -committerdate --format %(refname) %(objectname)
> git remote --verbose
> git config --get commit.template
> git show --textconv :pintos/src/vm/page.h
> git ls-files --stage -- /sogang/under/cse20170101/pintos/src/vm/page.h
> git cat-file -s d79518c982e3f978f295b15db324ac7898870c77
> git status -z -u
> git symbolic-ref --short HEAD
> git rev-parse temp
> git rev-parse --symbolic-full-name temp@{u}
fatal: no upstream configured for branch 'temp'
> git for-each-ref --sort -committerdate --format %(refname) %(objectname)
> git remote --verbose
> git config --get commit.template
> git status -z -u
> git symbolic-ref --short HEAD
> git rev-parse temp
> git rev-parse --symbolic-full-name temp@{u}
fatal: no upstream configured for branch 'temp'
> git for-each-ref --sort -committerdate --format %(refname) %(objectname)
> git remote --verbose
> git config --get commit.template
> git status -z -u
> git symbolic-ref --short HEAD
> git rev-parse temp
> git rev-parse --symbolic-full-name temp@{u}
fatal: no upstream configured for branch 'temp'
> git for-each-ref --sort -committerdate --format %(refname) %(objectname)
> git remote --verbose
> git config --get commit.template
> git status -z -u
> git symbolic-ref --short HEAD
> git rev-parse temp
> git rev-parse --symbolic-full-name temp@{u}
fatal: no upstream configured for branch 'temp'
> git for-each-ref --sort -committerdate --format %(refname) %(objectname)
> git remote --verbose
> git config --get commit.template
> git status -z -u
> git symbolic-ref --short HEAD
> git rev-parse temp
> git rev-parse --symbolic-full-name temp@{u}
fatal: no upstream configured for branch 'temp'
> git for-each-ref --sort -committerdate --format %(refname) %(objectname)
> git remote --verbose
> git config --get commit.template
> git status -z -u
> git symbolic-ref --short HEAD
> git rev-parse temp
> git rev-parse --symbolic-full-name temp@{u}
fatal: no upstream configured for branch 'temp'
> git for-each-ref --sort -committerdate --format %(refname) %(objectname)
> git remote --verbose
> git config --get commit.template
> git show --textconv :pintos/src/userprog/syscall.c
> git ls-files --stage -- /sogang/under/cse20170101/pintos/src/userprog/syscall.c
> git cat-file -s e93a32bc2379c0eadf7aaccc1f7010e33a8dd22e
> git status -z -u
> git symbolic-ref --short HEAD
> git rev-parse temp
> git rev-parse --symbolic-full-name temp@{u}
fatal: no upstream configured for branch 'temp'
> git for-each-ref --sort -committerdate --format %(refname) %(objectname)
> git remote --verbose
> git config --get commit.template
> git show --textconv :pintos/src/vm/swap.h
> git ls-files --stage -- /sogang/under/cse20170101/pintos/src/vm/swap.h
> git cat-file -s c3e4b7ce8de66332e6681fadafcc246f8b0c7c0b
> git check-ignore -v -z --stdin
> git status -z -u
> git symbolic-ref --short HEAD
> git rev-parse temp
> git rev-parse --symbolic-full-name temp@{u}
fatal: no upstream configured for branch 'temp'
> git for-each-ref --sort -committerdate --format %(refname) %(objectname)
> git remote --verbose
> git config --get commit.template
> git status -z -u
> git symbolic-ref --short HEAD
> git rev-parse temp
> git rev-parse --symbolic-full-name temp@{u}
fatal: no upstream configured for branch 'temp'
> git for-each-ref --sort -committerdate --format %(refname) %(objectname)
> git remote --verbose
> git config --get commit.template
> git status -z -u
> git symbolic-ref --short HEAD
> git rev-parse temp
> git rev-parse --symbolic-full-name temp@{u}
fatal: no upstream configured for branch 'temp'
> git for-each-ref --sort -committerdate --format %(refname) %(objectname)
> git remote --verbose
> git config --get commit.template
> git status -z -u
> git symbolic-ref --short HEAD
> git rev-parse temp
> git rev-parse --symbolic-full-name temp@{u}
fatal: no upstream configured for branch 'temp'
> git for-each-ref --sort -committerdate --format %(refname) %(objectname)
> git remote --verbose
> git config --get commit.template
> git show --textconv :pintos/src/userprog/syscall.h
> git ls-files --stage -- /sogang/under/cse20170101/pintos/src/userprog/syscall.h
> git cat-file -s 792c4f46f1635417321f2f53e0fe31840e67fd4e
> git show --textconv :pintos/src/userprog/syscall.c
> git ls-files --stage -- /sogang/under/cse20170101/pintos/src/userprog/syscall.c
> git cat-file -s e93a32bc2379c0eadf7aaccc1f7010e33a8dd22e
> git status -z -u
> git symbolic-ref --short HEAD
> git rev-parse temp
> git rev-parse --symbolic-full-name temp@{u}
fatal: no upstream configured for branch 'temp'
> git for-each-ref --sort -committerdate --format %(refname) %(objectname)
> git remote --verbose
> git config --get commit.template
> git status -z -u
> git symbolic-ref --short HEAD
> git rev-parse temp
> git rev-parse --symbolic-full-name temp@{u}
fatal: no upstream configured for branch 'temp'
> git for-each-ref --sort -committerdate --format %(refname) %(objectname)
> git remote --verbose
> git config --get commit.template
> git show --textconv :pintos/src/userprog/exception.c
> git ls-files --stage -- /sogang/under/cse20170101/pintos/src/userprog/exception.c
> git cat-file -s e9a59b28afaa5aa8676b0f3741947a1b8b8e8ef1
> git status -z -u
> git symbolic-ref --short HEAD
> git rev-parse temp
> git rev-parse --symbolic-full-name temp@{u}
fatal: no upstream configured for branch 'temp'
> git for-each-ref --sort -committerdate --format %(refname) %(objectname)
> git remote --verbose
> git config --get commit.template
> git show --textconv :pintos/src/userprog/exception.h
> git ls-files --stage -- /sogang/under/cse20170101/pintos/src/userprog/exception.h
> git cat-file -s f83e615bb1e010c8723510a99abb01d714c0f275
> git show --textconv :pintos/src/userprog/exception.c
> git ls-files --stage -- /sogang/under/cse20170101/pintos/src/userprog/exception.c
> git cat-file -s e9a59b28afaa5aa8676b0f3741947a1b8b8e8ef1
> git status -z -u
> git symbolic-ref --short HEAD
> git rev-parse temp
> git rev-parse --symbolic-full-name temp@{u}
fatal: no upstream configured for branch 'temp'
> git for-each-ref --sort -committerdate --format %(refname) %(objectname)
> git remote --verbose
> git config --get commit.template
> git status -z -u
> git symbolic-ref --short HEAD
> git rev-parse temp
> git rev-parse --symbolic-full-name temp@{u}
fatal: no upstream configured for branch 'temp'
> git for-each-ref --sort -committerdate --format %(refname) %(objectname)
> git remote --verbose
> git config --get commit.template
> git status -z -u
> git symbolic-ref --short HEAD
> git rev-parse temp
> git rev-parse --symbolic-full-name temp@{u}
fatal: no upstream configured for branch 'temp'
> git for-each-ref --sort -committerdate --format %(refname) %(objectname)
> git remote --verbose
> git config --get commit.template
> git show --textconv :pintos/src/userprog/syscall.c
> git ls-files --stage -- /sogang/under/cse20170101/pintos/src/userprog/syscall.c
> git cat-file -s e93a32bc2379c0eadf7aaccc1f7010e33a8dd22e
> git show --textconv :pintos/src/userprog/process.h
> git ls-files --stage -- /sogang/under/cse20170101/pintos/src/userprog/process.h
> git cat-file -s 9ad9b0c28d49ccd801920df37b1a7666186405e5
> git status -z -u
> git symbolic-ref --short HEAD
> git rev-parse temp
> git rev-parse --symbolic-full-name temp@{u}
fatal: no upstream configured for branch 'temp'
> git for-each-ref --sort -committerdate --format %(refname) %(objectname)
> git remote --verbose
> git config --get commit.template
> git show --textconv :pintos/src/userprog/process.c
> git ls-files --stage -- /sogang/under/cse20170101/pintos/src/userprog/process.c
> git cat-file -s 3a3da0531ebab4e7f349d6b334499a44c43893b2
> git status -z -u
> git symbolic-ref --short HEAD
> git rev-parse temp
> git rev-parse --symbolic-full-name temp@{u}
fatal: no upstream configured for branch 'temp'
> git for-each-ref --sort -committerdate --format %(refname) %(objectname)
> git remote --verbose
> git config --get commit.template
> git status -z -u
> git symbolic-ref --short HEAD
> git rev-parse temp
> git rev-parse --symbolic-full-name temp@{u}
fatal: no upstream configured for branch 'temp'
> git for-each-ref --sort -committerdate --format %(refname) %(objectname)
> git remote --verbose
> git config --get commit.template
> git status -z -u
> git symbolic-ref --short HEAD
> git rev-parse temp
> git rev-parse --symbolic-full-name temp@{u}
fatal: no upstream configured for branch 'temp'
> git for-each-ref --sort -committerdate --format %(refname) %(objectname)
> git remote --verbose
> git config --get commit.template
> git show --textconv :pintos/src/vm/swap.c
> git ls-files --stage -- /sogang/under/cse20170101/pintos/src/vm/swap.c
> git cat-file -s ce7019a9f5e4c5193e72a61ed6f2f7ab52673cbd
> git show --textconv :pintos/src/vm/page.c
> git ls-files --stage -- /sogang/under/cse20170101/pintos/src/vm/page.c
> git cat-file -s c968e6706cb85d770f312e93480093544990f18c
> git status -z -u
> git symbolic-ref --short HEAD
> git rev-parse temp
> git rev-parse --symbolic-full-name temp@{u}
fatal: no upstream configured for branch 'temp'
> git for-each-ref --sort -committerdate --format %(refname) %(objectname)
> git remote --verbose
> git config --get commit.template
> git show --textconv :pintos/src/vm/swap.c
> git ls-files --stage -- /sogang/under/cse20170101/pintos/src/vm/swap.c
> git cat-file -s ce7019a9f5e4c5193e72a61ed6f2f7ab52673cbd
> git status -z -u
> git symbolic-ref --short HEAD
> git rev-parse temp
> git rev-parse --symbolic-full-name temp@{u}
fatal: no upstream configured for branch 'temp'
> git for-each-ref --sort -committerdate --format %(refname) %(objectname)
> git remote --verbose
> git config --get commit.template
> git status -z -u
> git symbolic-ref --short HEAD
> git rev-parse temp
> git rev-parse --symbolic-full-name temp@{u}
fatal: no upstream configured for branch 'temp'
> git for-each-ref --sort -committerdate --format %(refname) %(objectname)
> git remote --verbose
> git config --get commit.template
> git status -z -u
> git symbolic-ref --short HEAD
> git rev-parse temp
> git rev-parse --symbolic-full-name temp@{u}
fatal: no upstream configured for branch 'temp'
> git for-each-ref --sort -committerdate --format %(refname) %(objectname)
> git remote --verbose
> git config --get commit.template
> git status -z -u
> git symbolic-ref --short HEAD
> git rev-parse temp
> git rev-parse --symbolic-full-name temp@{u}
fatal: no upstream configured for branch 'temp'
> git for-each-ref --sort -committerdate --format %(refname) %(objectname)
> git remote --verbose
> git config --get commit.template
> git show --textconv :pintos/src/vm/swap.h
> git ls-files --stage -- /sogang/under/cse20170101/pintos/src/vm/swap.h
> git cat-file -s c3e4b7ce8de66332e6681fadafcc246f8b0c7c0b
> git status -z -u
> git symbolic-ref --short HEAD
> git rev-parse temp
> git rev-parse --symbolic-full-name temp@{u}
fatal: no upstream configured for branch 'temp'
> git for-each-ref --sort -committerdate --format %(refname) %(objectname)
> git remote --verbose
> git config --get commit.template
> git status -z -u
> git symbolic-ref --short HEAD
> git rev-parse temp
> git rev-parse --symbolic-full-name temp@{u}
fatal: no upstream configured for branch 'temp'
> git for-each-ref --sort -committerdate --format %(refname) %(objectname)
> git remote --verbose
> git config --get commit.template
> git status -z -u
> git symbolic-ref --short HEAD
> git rev-parse temp
> git rev-parse --symbolic-full-name temp@{u}
fatal: no upstream configured for branch 'temp'
> git for-each-ref --sort -committerdate --format %(refname) %(objectname)
> git remote --verbose
> git config --get commit.template
> git show --textconv :pintos/src/vm/swap.c
> git ls-files --stage -- /sogang/under/cse20170101/pintos/src/vm/swap.c
> git cat-file -s ce7019a9f5e4c5193e72a61ed6f2f7ab52673cbd
> git status -z -u
> git symbolic-ref --short HEAD
> git rev-parse temp
> git rev-parse --symbolic-full-name temp@{u}
fatal: no upstream configured for branch 'temp'
> git for-each-ref --sort -committerdate --format %(refname) %(objectname)
> git remote --verbose
> git config --get commit.template
> git status -z -u
> git symbolic-ref --short HEAD
> git rev-parse temp
> git rev-parse --symbolic-full-name temp@{u}
fatal: no upstream configured for branch 'temp'
> git for-each-ref --sort -committerdate --format %(refname) %(objectname)
> git remote --verbose
> git config --get commit.template
> git status -z -u
> git symbolic-ref --short HEAD
> git rev-parse temp
> git rev-parse --symbolic-full-name temp@{u}
fatal: no upstream configured for branch 'temp'
> git for-each-ref --sort -committerdate --format %(refname) %(objectname)
> git remote --verbose
> git config --get commit.template
> git status -z -u
> git symbolic-ref --short HEAD
> git rev-parse temp
> git rev-parse --symbolic-full-name temp@{u}
fatal: no upstream configured for branch 'temp'
> git for-each-ref --sort -committerdate --format %(refname) %(objectname)
> git remote --verbose
> git config --get commit.template
> git status -z -u
> git symbolic-ref --short HEAD
> git rev-parse temp
> git rev-parse --symbolic-full-name temp@{u}
fatal: no upstream configured for branch 'temp'
> git for-each-ref --sort -committerdate --format %(refname) %(objectname)
> git remote --verbose
> git config --get commit.template
> git status -z -u
> git symbolic-ref --short HEAD
> git rev-parse temp
> git rev-parse --symbolic-full-name temp@{u}
fatal: no upstream configured for branch 'temp'
> git for-each-ref --sort -committerdate --format %(refname) %(objectname)
> git remote --verbose
> git config --get commit.template
> git status -z -u
> git symbolic-ref --short HEAD
> git rev-parse temp
> git rev-parse --symbolic-full-name temp@{u}
fatal: no upstream configured for branch 'temp'
> git for-each-ref --sort -committerdate --format %(refname) %(objectname)
> git remote --verbose
> git config --get commit.template
> git show --textconv :pintos/src/userprog/process.h
> git ls-files --stage -- /sogang/under/cse20170101/pintos/src/userprog/process.h
> git cat-file -s 9ad9b0c28d49ccd801920df37b1a7666186405e5
> git status -z -u
> git symbolic-ref --short HEAD
> git rev-parse temp
> git rev-parse --symbolic-full-name temp@{u}
fatal: no upstream configured for branch 'temp'
> git for-each-ref --sort -committerdate --format %(refname) %(objectname)
> git remote --verbose
> git config --get commit.template
> git show --textconv :pintos/src/userprog/process.c
> git ls-files --stage -- /sogang/under/cse20170101/pintos/src/userprog/process.c
> git cat-file -s 3a3da0531ebab4e7f349d6b334499a44c43893b2
> git status -z -u
> git symbolic-ref --short HEAD
> git rev-parse temp
> git rev-parse --symbolic-full-name temp@{u}
fatal: no upstream configured for branch 'temp'
> git for-each-ref --sort -committerdate --format %(refname) %(objectname)
> git remote --verbose
> git config --get commit.template
> git status -z -u
> git symbolic-ref --short HEAD
> git rev-parse temp
> git rev-parse --symbolic-full-name temp@{u}
fatal: no upstream configured for branch 'temp'
> git for-each-ref --sort -committerdate --format %(refname) %(objectname)
> git remote --verbose
> git config --get commit.template
> git status -z -u
> git symbolic-ref --short HEAD
> git rev-parse temp
> git rev-parse --symbolic-full-name temp@{u}
fatal: no upstream configured for branch 'temp'
> git for-each-ref --sort -committerdate --format %(refname) %(objectname)
> git remote --verbose
> git config --get commit.template
> git status -z -u
> git symbolic-ref --short HEAD
> git rev-parse temp
> git rev-parse --symbolic-full-name temp@{u}
fatal: no upstream configured for branch 'temp'
> git for-each-ref --sort -committerdate --format %(refname) %(objectname)
> git remote --verbose
> git config --get commit.template
> git status -z -u
> git symbolic-ref --short HEAD
> git rev-parse temp
> git rev-parse --symbolic-full-name temp@{u}
fatal: no upstream configured for branch 'temp'
> git for-each-ref --sort -committerdate --format %(refname) %(objectname)
> git remote --verbose
> git config --get commit.template
> git status -z -u
> git symbolic-ref --short HEAD
> git rev-parse temp
> git rev-parse --symbolic-full-name temp@{u}
fatal: no upstream configured for branch 'temp'
> git for-each-ref --sort -committerdate --format %(refname) %(objectname)
> git remote --verbose
> git config --get commit.template
> git status -z -u
> git symbolic-ref --short HEAD
> git rev-parse temp
> git rev-parse --symbolic-full-name temp@{u}
fatal: no upstream configured for branch 'temp'
> git for-each-ref --sort -committerdate --format %(refname) %(objectname)
> git remote --verbose
> git config --get commit.template
> git show --textconv :pintos/src/vm/page.c
> git ls-files --stage -- /sogang/under/cse20170101/pintos/src/vm/page.c
> git cat-file -s c968e6706cb85d770f312e93480093544990f18c
> git status -z -u
> git symbolic-ref --short HEAD
> git rev-parse temp
> git rev-parse --symbolic-full-name temp@{u}
fatal: no upstream configured for branch 'temp'
> git for-each-ref --sort -committerdate --format %(refname) %(objectname)
> git remote --verbose
> git config --get commit.template
> git status -z -u
> git symbolic-ref --short HEAD
> git rev-parse temp
> git rev-parse --symbolic-full-name temp@{u}
fatal: no upstream configured for branch 'temp'
> git for-each-ref --sort -committerdate --format %(refname) %(objectname)
> git remote --verbose
> git config --get commit.template
> git status -z -u
> git symbolic-ref --short HEAD
> git rev-parse temp
> git rev-parse --symbolic-full-name temp@{u}
fatal: no upstream configured for branch 'temp'
> git for-each-ref --sort -committerdate --format %(refname) %(objectname)
> git remote --verbose
> git config --get commit.template
> git show --textconv :pintos/src/vm/page.h
> git ls-files --stage -- /sogang/under/cse20170101/pintos/src/vm/page.h
> git cat-file -s d79518c982e3f978f295b15db324ac7898870c77
> git status -z -u
> git symbolic-ref --short HEAD
> git rev-parse temp
> git rev-parse --symbolic-full-name temp@{u}
fatal: no upstream configured for branch 'temp'
> git for-each-ref --sort -committerdate --format %(refname) %(objectname)
> git remote --verbose
> git config --get commit.template
> git status -z -u
> git symbolic-ref --short HEAD
> git rev-parse temp
> git rev-parse --symbolic-full-name temp@{u}
fatal: no upstream configured for branch 'temp'
> git for-each-ref --sort -committerdate --format %(refname) %(objectname)
> git remote --verbose
> git config --get commit.template
> git status -z -u
> git symbolic-ref --short HEAD
> git rev-parse temp
> git rev-parse --symbolic-full-name temp@{u}
fatal: no upstream configured for branch 'temp'
> git for-each-ref --sort -committerdate --format %(refname) %(objectname)
> git remote --verbose
> git config --get commit.template
> git status -z -u
> git symbolic-ref --short HEAD
> git rev-parse temp
> git rev-parse --symbolic-full-name temp@{u}
fatal: no upstream configured for branch 'temp'
> git for-each-ref --sort -committerdate --format %(refname) %(objectname)
> git remote --verbose
> git config --get commit.template
> git status -z -u
> git symbolic-ref --short HEAD
> git rev-parse temp
> git rev-parse --symbolic-full-name temp@{u}
fatal: no upstream configured for branch 'temp'
> git for-each-ref --sort -committerdate --format %(refname) %(objectname)
> git remote --verbose
> git config --get commit.template
> git status -z -u
> git symbolic-ref --short HEAD
> git rev-parse temp
> git rev-parse --symbolic-full-name temp@{u}
fatal: no upstream configured for branch 'temp'
> git for-each-ref --sort -committerdate --format %(refname) %(objectname)
> git remote --verbose
> git config --get commit.template
> git status -z -u
> git symbolic-ref --short HEAD
> git rev-parse temp
> git rev-parse --symbolic-full-name temp@{u}
fatal: no upstream configured for branch 'temp'
> git for-each-ref --sort -committerdate --format %(refname) %(objectname)
> git remote --verbose
> git config --get commit.template
> git status -z -u
> git symbolic-ref --short HEAD
> git rev-parse temp
> git rev-parse --symbolic-full-name temp@{u}
fatal: no upstream configured for branch 'temp'
> git for-each-ref --sort -committerdate --format %(refname) %(objectname)
> git remote --verbose
> git config --get commit.template
> git status -z -u
> git symbolic-ref --short HEAD
> git rev-parse temp
> git rev-parse --symbolic-full-name temp@{u}
fatal: no upstream configured for branch 'temp'
> git for-each-ref --sort -committerdate --format %(refname) %(objectname)
> git remote --verbose
> git config --get commit.template
> git status -z -u
> git symbolic-ref --short HEAD
> git rev-parse temp
> git rev-parse --symbolic-full-name temp@{u}
fatal: no upstream configured for branch 'temp'
> git for-each-ref --sort -committerdate --format %(refname) %(objectname)
> git remote --verbose
> git config --get commit.template
> git show --textconv :pintos/src/userprog/process.c
> git ls-files --stage -- /sogang/under/cse20170101/pintos/src/userprog/process.c
> git cat-file -s 3a3da0531ebab4e7f349d6b334499a44c43893b2
> git status -z -u
> git symbolic-ref --short HEAD
> git rev-parse temp
> git rev-parse --symbolic-full-name temp@{u}
fatal: no upstream configured for branch 'temp'
> git for-each-ref --sort -committerdate --format %(refname) %(objectname)
> git remote --verbose
> git config --get commit.template
> git status -z -u
> git symbolic-ref --short HEAD
> git rev-parse temp
> git rev-parse --symbolic-full-name temp@{u}
fatal: no upstream configured for branch 'temp'
> git for-each-ref --sort -committerdate --format %(refname) %(objectname)
> git remote --verbose
> git config --get commit.template
> git status -z -u
> git symbolic-ref --short HEAD
> git rev-parse temp
> git rev-parse --symbolic-full-name temp@{u}
fatal: no upstream configured for branch 'temp'
> git for-each-ref --sort -committerdate --format %(refname) %(objectname)
> git remote --verbose
> git config --get commit.template
> git status -z -u
> git symbolic-ref --short HEAD
> git rev-parse temp
> git rev-parse --symbolic-full-name temp@{u}
fatal: no upstream configured for branch 'temp'
> git for-each-ref --sort -committerdate --format %(refname) %(objectname)
> git remote --verbose
> git config --get commit.template
> git status -z -u
> git symbolic-ref --short HEAD
> git rev-parse temp
> git rev-parse --symbolic-full-name temp@{u}
fatal: no upstream configured for branch 'temp'
> git for-each-ref --sort -committerdate --format %(refname) %(objectname)
> git remote --verbose
> git config --get commit.template
> git status -z -u
> git symbolic-ref --short HEAD
> git rev-parse temp
> git rev-parse --symbolic-full-name temp@{u}
fatal: no upstream configured for branch 'temp'
> git for-each-ref --sort -committerdate --format %(refname) %(objectname)
> git remote --verbose
> git config --get commit.template
> git status -z -u
> git symbolic-ref --short HEAD
> git rev-parse temp
> git rev-parse --symbolic-full-name temp@{u}
fatal: no upstream configured for branch 'temp'
> git for-each-ref --sort -committerdate --format %(refname) %(objectname)
> git remote --verbose
> git config --get commit.template
> git status -z -u
> git symbolic-ref --short HEAD
> git rev-parse temp
> git rev-parse --symbolic-full-name temp@{u}
fatal: no upstream configured for branch 'temp'
> git for-each-ref --sort -committerdate --format %(refname) %(objectname)
> git remote --verbose
> git config --get commit.template
> git status -z -u
> git symbolic-ref --short HEAD
> git rev-parse temp
> git rev-parse --symbolic-full-name temp@{u}
fatal: no upstream configured for branch 'temp'
> git for-each-ref --sort -committerdate --format %(refname) %(objectname)
> git remote --verbose
> git config --get commit.template
> git status -z -u
> git symbolic-ref --short HEAD
> git rev-parse temp
> git rev-parse --symbolic-full-name temp@{u}
fatal: no upstream configured for branch 'temp'
> git for-each-ref --sort -committerdate --format %(refname) %(objectname)
> git remote --verbose
> git config --get commit.template
> git status -z -u
> git symbolic-ref --short HEAD
> git rev-parse temp
> git rev-parse --symbolic-full-name temp@{u}
fatal: no upstream configured for branch 'temp'
> git for-each-ref --sort -committerdate --format %(refname) %(objectname)
> git remote --verbose
> git config --get commit.template
> git show --textconv :pintos/src/vm/page.h
> git ls-files --stage -- /sogang/under/cse20170101/pintos/src/vm/page.h
> git cat-file -s d79518c982e3f978f295b15db324ac7898870c77
> git status -z -u
> git symbolic-ref --short HEAD
> git rev-parse temp
> git rev-parse --symbolic-full-name temp@{u}
fatal: no upstream configured for branch 'temp'
> git for-each-ref --sort -committerdate --format %(refname) %(objectname)
> git remote --verbose
> git config --get commit.template
> git status -z -u
> git symbolic-ref --short HEAD
> git rev-parse temp
> git rev-parse --symbolic-full-name temp@{u}
fatal: no upstream configured for branch 'temp'
> git for-each-ref --sort -committerdate --format %(refname) %(objectname)
> git remote --verbose
> git config --get commit.template
> git status -z -u
> git symbolic-ref --short HEAD
> git rev-parse temp
> git rev-parse --symbolic-full-name temp@{u}
fatal: no upstream configured for branch 'temp'
> git for-each-ref --sort -committerdate --format %(refname) %(objectname)
> git remote --verbose
> git config --get commit.template
> git status -z -u
> git symbolic-ref --short HEAD
> git rev-parse temp
> git rev-parse --symbolic-full-name temp@{u}
fatal: no upstream configured for branch 'temp'
> git for-each-ref --sort -committerdate --format %(refname) %(objectname)
> git remote --verbose
> git config --get commit.template
> git status -z -u
> git symbolic-ref --short HEAD
> git rev-parse temp
> git rev-parse --symbolic-full-name temp@{u}
fatal: no upstream configured for branch 'temp'
> git for-each-ref --sort -committerdate --format %(refname) %(objectname)
> git remote --verbose
> git config --get commit.template
> git status -z -u
> git symbolic-ref --short HEAD
> git rev-parse temp
> git rev-parse --symbolic-full-name temp@{u}
fatal: no upstream configured for branch 'temp'
> git for-each-ref --sort -committerdate --format %(refname) %(objectname)
> git remote --verbose
> git config --get commit.template
> git status -z -u
> git symbolic-ref --short HEAD
> git rev-parse temp
> git rev-parse --symbolic-full-name temp@{u}
fatal: no upstream configured for branch 'temp'
> git for-each-ref --sort -committerdate --format %(refname) %(objectname)
> git remote --verbose
> git config --get commit.template
> git status -z -u
> git symbolic-ref --short HEAD
> git rev-parse temp
> git rev-parse --symbolic-full-name temp@{u}
fatal: no upstream configured for branch 'temp'
> git for-each-ref --sort -committerdate --format %(refname) %(objectname)
> git remote --verbose
> git config --get commit.template
> git status -z -u
> git symbolic-ref --short HEAD
> git rev-parse temp
> git rev-parse --symbolic-full-name temp@{u}
fatal: no upstream configured for branch 'temp'
> git for-each-ref --sort -committerdate --format %(refname) %(objectname)
> git remote --verbose
> git config --get commit.template
> git status -z -u
> git symbolic-ref --short HEAD
> git rev-parse temp
> git rev-parse --symbolic-full-name temp@{u}
fatal: no upstream configured for branch 'temp'
> git for-each-ref --sort -committerdate --format %(refname) %(objectname)
> git remote --verbose
> git config --get commit.template
> git status -z -u
> git symbolic-ref --short HEAD
> git rev-parse temp
> git rev-parse --symbolic-full-name temp@{u}
fatal: no upstream configured for branch 'temp'
> git for-each-ref --sort -committerdate --format %(refname) %(objectname)
> git remote --verbose
> git config --get commit.template
> git status -z -u
> git symbolic-ref --short HEAD
> git rev-parse temp
> git rev-parse --symbolic-full-name temp@{u}
fatal: no upstream configured for branch 'temp'
> git for-each-ref --sort -committerdate --format %(refname) %(objectname)
> git remote --verbose
> git config --get commit.template
> git status -z -u
> git symbolic-ref --short HEAD
> git rev-parse temp
> git rev-parse --symbolic-full-name temp@{u}
fatal: no upstream configured for branch 'temp'
> git for-each-ref --sort -committerdate --format %(refname) %(objectname)
> git remote --verbose
> git config --get commit.template
> git status -z -u
> git symbolic-ref --short HEAD
> git rev-parse temp
> git rev-parse --symbolic-full-name temp@{u}
fatal: no upstream configured for branch 'temp'
> git for-each-ref --sort -committerdate --format %(refname) %(objectname)
> git remote --verbose
> git config --get commit.template
> git status -z -u
> git show --textconv :pintos/src/vm/frame.c
> git ls-files --stage -- /sogang/under/cse20170101/pintos/src/vm/frame.c
> git cat-file -s 2485d88033a3a97c348da7ecc421401b892a1d78
> git symbolic-ref --short HEAD
> git rev-parse temp
> git rev-parse --symbolic-full-name temp@{u}
fatal: no upstream configured for branch 'temp'
> git for-each-ref --sort -committerdate --format %(refname) %(objectname)
> git remote --verbose
> git config --get commit.template
> git status -z -u
> git symbolic-ref --short HEAD
> git rev-parse temp
> git rev-parse --symbolic-full-name temp@{u}
fatal: no upstream configured for branch 'temp'
> git for-each-ref --sort -committerdate --format %(refname) %(objectname)
> git remote --verbose
> git config --get commit.template
> git status -z -u
> git symbolic-ref --short HEAD
> git rev-parse temp
> git rev-parse --symbolic-full-name temp@{u}
fatal: no upstream configured for branch 'temp'
> git for-each-ref --sort -committerdate --format %(refname) %(objectname)
> git remote --verbose
> git config --get commit.template
> git status -z -u
> git symbolic-ref --short HEAD
> git rev-parse temp
> git rev-parse --symbolic-full-name temp@{u}
fatal: no upstream configured for branch 'temp'
> git for-each-ref --sort -committerdate --format %(refname) %(objectname)
> git remote --verbose
> git config --get commit.template
> git status -z -u
> git symbolic-ref --short HEAD
> git rev-parse temp
> git rev-parse --symbolic-full-name temp@{u}
fatal: no upstream configured for branch 'temp'
> git for-each-ref --sort -committerdate --format %(refname) %(objectname)
> git remote --verbose
> git config --get commit.template
> git status -z -u
> git symbolic-ref --short HEAD
> git rev-parse temp
> git rev-parse --symbolic-full-name temp@{u}
fatal: no upstream configured for branch 'temp'
> git for-each-ref --sort -committerdate --format %(refname) %(objectname)
> git remote --verbose
> git config --get commit.template
> git status -z -u
> git symbolic-ref --short HEAD
> git rev-parse temp
> git rev-parse --symbolic-full-name temp@{u}
fatal: no upstream configured for branch 'temp'
> git for-each-ref --sort -committerdate --format %(refname) %(objectname)
> git remote --verbose
> git config --get commit.template
> git status -z -u
> git symbolic-ref --short HEAD
> git rev-parse temp
> git rev-parse --symbolic-full-name temp@{u}
fatal: no upstream configured for branch 'temp'
> git for-each-ref --sort -committerdate --format %(refname) %(objectname)
> git remote --verbose
> git config --get commit.template
> git status -z -u
> git symbolic-ref --short HEAD
> git rev-parse temp
> git rev-parse --symbolic-full-name temp@{u}
fatal: no upstream configured for branch 'temp'
> git for-each-ref --sort -committerdate --format %(refname) %(objectname)
> git remote --verbose
> git config --get commit.template
> git status -z -u
> git symbolic-ref --short HEAD
> git rev-parse temp
> git rev-parse --symbolic-full-name temp@{u}
fatal: no upstream configured for branch 'temp'
> git for-each-ref --sort -committerdate --format %(refname) %(objectname)
> git remote --verbose
> git config --get commit.template
> git status -z -u
> git symbolic-ref --short HEAD
> git rev-parse temp
> git rev-parse --symbolic-full-name temp@{u}
fatal: no upstream configured for branch 'temp'
> git for-each-ref --sort -committerdate --format %(refname) %(objectname)
> git remote --verbose
> git config --get commit.template
> git status -z -u
> git symbolic-ref --short HEAD
> git rev-parse temp
> git rev-parse --symbolic-full-name temp@{u}
fatal: no upstream configured for branch 'temp'
> git for-each-ref --sort -committerdate --format %(refname) %(objectname)
> git remote --verbose
> git config --get commit.template
> git show --textconv :pintos/src/vm/frame.h
> git ls-files --stage -- /sogang/under/cse20170101/pintos/src/vm/frame.h
> git cat-file -s 1843226faff0de70a2e2daf11613ece6b2463d08
> git show --textconv :pintos/src/vm/swap.h
> git ls-files --stage -- /sogang/under/cse20170101/pintos/src/vm/swap.h
> git cat-file -s c3e4b7ce8de66332e6681fadafcc246f8b0c7c0b
> git show --textconv :pintos/src/vm/page.c
> git ls-files --stage -- /sogang/under/cse20170101/pintos/src/vm/page.c
> git cat-file -s c968e6706cb85d770f312e93480093544990f18c
> git status -z -u
> git symbolic-ref --short HEAD
> git rev-parse temp
> git rev-parse --symbolic-full-name temp@{u}
fatal: no upstream configured for branch 'temp'
> git for-each-ref --sort -committerdate --format %(refname) %(objectname)
> git remote --verbose
> git config --get commit.template
> git show --textconv :pintos/src/vm/frame.c
> git ls-files --stage -- /sogang/under/cse20170101/pintos/src/vm/frame.c
> git cat-file -s 2485d88033a3a97c348da7ecc421401b892a1d78
> git status -z -u
> git symbolic-ref --short HEAD
> git rev-parse temp
> git rev-parse --symbolic-full-name temp@{u}
fatal: no upstream configured for branch 'temp'
> git for-each-ref --sort -committerdate --format %(refname) %(objectname)
> git remote --verbose
> git config --get commit.template
> git show --textconv :pintos/src/userprog/exception.c
> git ls-files --stage -- /sogang/under/cse20170101/pintos/src/userprog/exception.c
> git cat-file -s e9a59b28afaa5aa8676b0f3741947a1b8b8e8ef1
> git status -z -u
> git symbolic-ref --short HEAD
> git rev-parse temp
> git rev-parse --symbolic-full-name temp@{u}
fatal: no upstream configured for branch 'temp'
> git for-each-ref --sort -committerdate --format %(refname) %(objectname)
> git remote --verbose
> git config --get commit.template
> git status -z -u
> git symbolic-ref --short HEAD
> git rev-parse temp
> git rev-parse --symbolic-full-name temp@{u}
fatal: no upstream configured for branch 'temp'
> git for-each-ref --sort -committerdate --format %(refname) %(objectname)
> git remote --verbose
> git config --get commit.template
> git status -z -u
> git symbolic-ref --short HEAD
> git rev-parse temp
> git rev-parse --symbolic-full-name temp@{u}
fatal: no upstream configured for branch 'temp'
> git for-each-ref --sort -committerdate --format %(refname) %(objectname)
> git remote --verbose
> git config --get commit.template
> git show --textconv :pintos/src/vm/frame.c
> git ls-files --stage -- /sogang/under/cse20170101/pintos/src/vm/frame.c
> git cat-file -s 2485d88033a3a97c348da7ecc421401b892a1d78
> git show --textconv :pintos/src/userprog/exception.c
> git ls-files --stage -- /sogang/under/cse20170101/pintos/src/userprog/exception.c
> git cat-file -s e9a59b28afaa5aa8676b0f3741947a1b8b8e8ef1
> git status -z -u
> git symbolic-ref --short HEAD
> git rev-parse temp
> git rev-parse --symbolic-full-name temp@{u}
fatal: no upstream configured for branch 'temp'
> git for-each-ref --sort -committerdate --format %(refname) %(objectname)
> git remote --verbose
> git config --get commit.template
> git show --textconv :pintos/src/vm/swap.c
> git ls-files --stage -- /sogang/under/cse20170101/pintos/src/vm/swap.c
> git cat-file -s ce7019a9f5e4c5193e72a61ed6f2f7ab52673cbd
> git status -z -u
> git symbolic-ref --short HEAD
> git rev-parse temp
> git rev-parse --symbolic-full-name temp@{u}
fatal: no upstream configured for branch 'temp'
> git for-each-ref --sort -committerdate --format %(refname) %(objectname)
> git remote --verbose
> git config --get commit.template
> git show --textconv :pintos/src/userprog/exception.c
> git ls-files --stage -- /sogang/under/cse20170101/pintos/src/userprog/exception.c
> git cat-file -s e9a59b28afaa5aa8676b0f3741947a1b8b8e8ef1
> git status -z -u
> git symbolic-ref --short HEAD
> git rev-parse temp
> git rev-parse --symbolic-full-name temp@{u}
fatal: no upstream configured for branch 'temp'
> git for-each-ref --sort -committerdate --format %(refname) %(objectname)
> git remote --verbose
> git config --get commit.template
> git show --textconv :pintos/src/userprog/syscall.c
> git ls-files --stage -- /sogang/under/cse20170101/pintos/src/userprog/syscall.c
> git cat-file -s e93a32bc2379c0eadf7aaccc1f7010e33a8dd22e
> git show --textconv :pintos/src/vm/page.h
> git ls-files --stage -- /sogang/under/cse20170101/pintos/src/vm/page.h
> git cat-file -s d79518c982e3f978f295b15db324ac7898870c77
> git status -z -u
> git symbolic-ref --short HEAD
> git rev-parse temp
> git rev-parse --symbolic-full-name temp@{u}
fatal: no upstream configured for branch 'temp'
> git for-each-ref --sort -committerdate --format %(refname) %(objectname)
> git remote --verbose
> git config --get commit.template
> git status -z -u
> git symbolic-ref --short HEAD
> git rev-parse temp
> git rev-parse --symbolic-full-name temp@{u}
fatal: no upstream configured for branch 'temp'
> git for-each-ref --sort -committerdate --format %(refname) %(objectname)
> git remote --verbose
> git config --get commit.template
> git show --textconv :pintos/src/vm/page.c
> git ls-files --stage -- /sogang/under/cse20170101/pintos/src/vm/page.c
> git cat-file -s c968e6706cb85d770f312e93480093544990f18c
> git status -z -u
> git symbolic-ref --short HEAD
> git rev-parse temp
> git rev-parse --symbolic-full-name temp@{u}
fatal: no upstream configured for branch 'temp'
> git for-each-ref --sort -committerdate --format %(refname) %(objectname)
> git remote --verbose
> git config --get commit.template
> git status -z -u
> git symbolic-ref --short HEAD
> git rev-parse temp
> git rev-parse --symbolic-full-name temp@{u}
fatal: no upstream configured for branch 'temp'
> git for-each-ref --sort -committerdate --format %(refname) %(objectname)
> git remote --verbose
> git config --get commit.template
> git status -z -u
> git symbolic-ref --short HEAD
> git rev-parse temp
> git rev-parse --symbolic-full-name temp@{u}
fatal: no upstream configured for branch 'temp'
> git for-each-ref --sort -committerdate --format %(refname) %(objectname)
> git remote --verbose
> git config --get commit.template
