Looking for git in: git
Using git 2.25.1 from git
> git rev-parse --show-toplevel
> git rev-parse --git-dir
Open repository: /sogang/under/cse20170101
> git status -z -u
> git symbolic-ref --short HEAD
> git rev-parse temp
> git rev-parse --symbolic-full-name temp@{u}
fatal: no upstream configured for branch 'temp'
> git for-each-ref --sort -committerdate --format %(refname) %(objectname)
> git remote --verbose
> git config --get commit.template
> git show --textconv :pintos/src/vm/frame.c
> git show --textconv :pintos/src/vm/page.c
> git ls-files --stage -- /sogang/under/cse20170101/pintos/src/vm/frame.c
> git ls-files --stage -- /sogang/under/cse20170101/pintos/src/vm/page.c
> git cat-file -s 2485d88033a3a97c348da7ecc421401b892a1d78
> git cat-file -s c968e6706cb85d770f312e93480093544990f18c
> git check-ignore -v -z --stdin
> git status -z -u
> git symbolic-ref --short HEAD
> git rev-parse temp
> git rev-parse --symbolic-full-name temp@{u}
fatal: no upstream configured for branch 'temp'
> git for-each-ref --sort -committerdate --format %(refname) %(objectname)
> git remote --verbose
> git config --get commit.template
> git show --textconv :pintos/src/vm/frame.h
> git ls-files --stage -- /sogang/under/cse20170101/pintos/src/vm/frame.h
> git cat-file -s 1843226faff0de70a2e2daf11613ece6b2463d08
> git status -z -u
> git symbolic-ref --short HEAD
> git rev-parse temp
> git rev-parse --symbolic-full-name temp@{u}
fatal: no upstream configured for branch 'temp'
> git for-each-ref --sort -committerdate --format %(refname) %(objectname)
> git remote --verbose
> git config --get commit.template
> git show --textconv :pintos/src/vm/page.h
> git ls-files --stage -- /sogang/under/cse20170101/pintos/src/vm/page.h
> git cat-file -s d79518c982e3f978f295b15db324ac7898870c77
> git status -z -u
> git symbolic-ref --short HEAD
> git rev-parse temp
> git rev-parse --symbolic-full-name temp@{u}
fatal: no upstream configured for branch 'temp'
> git for-each-ref --sort -committerdate --format %(refname) %(objectname)
> git remote --verbose
> git config --get commit.template
> git status -z -u
> git symbolic-ref --short HEAD
> git rev-parse temp
> git rev-parse --symbolic-full-name temp@{u}
fatal: no upstream configured for branch 'temp'
> git for-each-ref --sort -committerdate --format %(refname) %(objectname)
> git remote --verbose
> git config --get commit.template
> git show --textconv :pintos/src/vm/frame.h
> git ls-files --stage -- /sogang/under/cse20170101/pintos/src/vm/frame.h
> git cat-file -s 1843226faff0de70a2e2daf11613ece6b2463d08
> git status -z -u
> git symbolic-ref --short HEAD
> git rev-parse temp
> git rev-parse --symbolic-full-name temp@{u}
fatal: no upstream configured for branch 'temp'
> git for-each-ref --sort -committerdate --format %(refname) %(objectname)
> git remote --verbose
> git config --get commit.template
> git status -z -u
> git symbolic-ref --short HEAD
> git rev-parse temp
> git rev-parse --symbolic-full-name temp@{u}
fatal: no upstream configured for branch 'temp'
> git for-each-ref --sort -committerdate --format %(refname) %(objectname)
> git remote --verbose
> git config --get commit.template
> git status -z -u
> git symbolic-ref --short HEAD
> git rev-parse temp
> git rev-parse --symbolic-full-name temp@{u}
fatal: no upstream configured for branch 'temp'
> git for-each-ref --sort -committerdate --format %(refname) %(objectname)
> git remote --verbose
> git config --get commit.template
> git status -z -u
> git symbolic-ref --short HEAD
> git rev-parse temp
> git rev-parse --symbolic-full-name temp@{u}
fatal: no upstream configured for branch 'temp'
> git for-each-ref --sort -committerdate --format %(refname) %(objectname)
> git remote --verbose
> git config --get commit.template
> git status -z -u
> git symbolic-ref --short HEAD
> git rev-parse temp
> git rev-parse --symbolic-full-name temp@{u}
fatal: no upstream configured for branch 'temp'
> git for-each-ref --sort -committerdate --format %(refname) %(objectname)
> git remote --verbose
> git config --get commit.template
> git status -z -u
> git symbolic-ref --short HEAD
> git rev-parse temp
> git rev-parse --symbolic-full-name temp@{u}
fatal: no upstream configured for branch 'temp'
> git for-each-ref --sort -committerdate --format %(refname) %(objectname)
> git remote --verbose
> git config --get commit.template
> git status -z -u
> git symbolic-ref --short HEAD
> git rev-parse temp
> git rev-parse --symbolic-full-name temp@{u}
fatal: no upstream configured for branch 'temp'
> git for-each-ref --sort -committerdate --format %(refname) %(objectname)
> git remote --verbose
> git config --get commit.template
> git status -z -u
> git symbolic-ref --short HEAD
> git rev-parse temp
> git rev-parse --symbolic-full-name temp@{u}
fatal: no upstream configured for branch 'temp'
> git for-each-ref --sort -committerdate --format %(refname) %(objectname)
> git remote --verbose
> git config --get commit.template
> git show --textconv :pintos/src/vm/page.c
> git ls-files --stage -- /sogang/under/cse20170101/pintos/src/vm/page.c
> git cat-file -s c968e6706cb85d770f312e93480093544990f18c
> git status -z -u
> git symbolic-ref --short HEAD
> git rev-parse temp
> git rev-parse --symbolic-full-name temp@{u}
fatal: no upstream configured for branch 'temp'
> git for-each-ref --sort -committerdate --format %(refname) %(objectname)
> git remote --verbose
> git config --get commit.template
> git show --textconv :pintos/src/vm/swap.h
> git ls-files --stage -- /sogang/under/cse20170101/pintos/src/vm/swap.h
> git cat-file -s c3e4b7ce8de66332e6681fadafcc246f8b0c7c0b
> git status -z -u
> git symbolic-ref --short HEAD
> git rev-parse temp
> git rev-parse --symbolic-full-name temp@{u}
fatal: no upstream configured for branch 'temp'
> git for-each-ref --sort -committerdate --format %(refname) %(objectname)
> git remote --verbose
> git config --get commit.template
> git show --textconv :pintos/src/vm/frame.h
> git ls-files --stage -- /sogang/under/cse20170101/pintos/src/vm/frame.h
> git cat-file -s 1843226faff0de70a2e2daf11613ece6b2463d08
